[2025-07-18 11:55:25] [INFO] [main:430] [root] [] Lumi-Systems Setup Script started
[2025-07-18 11:55:25] [INFO] [cleanup_repository_files:595] [root] [] Cleaning up problematic repository files
[2025-07-18 11:55:25] [INFO] [cleanup_repository_files:614] [root] [] Updating package lists after repository cleanup
[2025-07-18 11:55:27] [INFO] [check_internet_connection:197] [root] [] Checking internet connection...
[2025-07-18 11:55:29] [INFO] [check_internet_connection:199] [root] [] Internet connection is available
[2025-07-18 11:55:29] [INFO] [check_root_privileges:209] [root] [] Checking root privileges...
[2025-07-18 11:55:29] [INFO] [check_root_privileges:211] [root] [] Script is running with root privileges
[2025-07-18 11:55:29] [INFO] [calculate_total_steps:329] [root] [] Total steps calculated: 36
[2025-07-18 11:55:29] [INFO] [show_progress:153] [root] [] Step 1/36: Fixing package manager locks
[2025-07-18 11:55:29] [INFO] [fix_package_manager_locks:223] [root] [] Checking for package manager locks
[2025-07-18 11:55:29] [WARNING] [fix_package_manager_locks:227] [root] [] Found dpkg lock file. Attempting to remove.
[2025-07-18 11:55:29] [WARNING] [fix_package_manager_locks:233] [root] [] Found apt lists lock file. Attempting to remove.
[2025-07-18 11:55:29] [WARNING] [fix_package_manager_locks:239] [root] [] Found apt archives lock file. Attempting to remove.
[2025-07-18 11:55:29] [WARNING] [fix_package_manager_locks:245] [root] [] PackageKit is running. Attempting to stop it.
[2025-07-18 11:55:29] [INFO] [fix_package_manager_locks:249] [root] [] Configuring possibly interrupted packages...
[2025-07-18 11:55:29] [INFO] [fix_package_manager_locks:252] [root] [] Package manager locks have been cleared
[2025-07-18 11:55:29] [INFO] [show_progress:153] [root] [] Step 2/36: Updating package lists
[2025-07-18 11:55:29] [INFO] [update_package_lists:260] [root] [] Updating package lists
[2025-07-18 11:55:29] [INFO] [cleanup_repository_files:595] [root] [] Cleaning up problematic repository files
[2025-07-18 11:55:29] [INFO] [cleanup_repository_files:614] [root] [] Updating package lists after repository cleanup
[2025-07-18 11:55:33] [INFO] [update_package_lists:267] [root] [] Package lists updated successfully
[2025-07-18 11:55:33] [INFO] [configure_system:159] [root] [] Starting system configuration
[2025-07-18 11:55:33] [INFO] [show_progress:135] [root] [] Skipping already completed step system_language: Setting system language to de_AT.UTF-8
[2025-07-18 11:55:33] [INFO] [configure_system_language:10] [root] [] Configuring system language to de_AT.UTF-8
[2025-07-18 11:55:34] [INFO] [configure_system_language:14] [root] [] German language pack installed
[2025-07-18 11:55:35] [INFO] [configure_system_language:22] [root] [] Locale generated: de_AT.UTF-8
[2025-07-18 11:55:35] [INFO] [configure_system_language:30] [root] [] System language set to de_AT.UTF-8
[2025-07-18 11:55:35] [INFO] [show_progress:135] [root] [] Skipping already completed step system_timezone: Setting system timezone to Europe/Vienna
[2025-07-18 11:55:35] [INFO] [configure_system_timezone:43] [root] [] Configuring system timezone to Europe/Vienna
[2025-07-18 11:55:35] [INFO] [configure_system_timezone:46] [root] [] System timezone set to Europe/Vienna
[2025-07-18 11:55:35] [INFO] [show_progress:153] [root] [] Step 5/36: Setting weather location to Vienna
[2025-07-18 11:55:35] [INFO] [configure_weather_location:58] [root] [] Configuring weather location to Vienna
[2025-07-18 11:55:35] [INFO] [configure_weather_location:114] [root] [] Attempting to set weather location with multiple methods
[2025-07-18 11:55:35] [INFO] [configure_weather_location:118] [root] [] Timezone set to Europe/Vienna
[2025-07-18 11:55:36] [INFO] [configure_weather_location:125] [root] [] Reset weather locations list
[2025-07-18 11:55:36] [WARNING] [configure_weather_location:150] [root] [] Automatic weather location configuration failed. User may need to set it manually.
[2025-07-18 11:55:36] [INFO] [configure_weather_location:152] [root] [] Continuing with setup despite weather location configuration issue
[2025-07-18 11:55:36] [INFO] [configure_system:176] [root] [] System configuration completed
[2025-07-18 11:55:36] [INFO] [install_software:619] [root] [] Starting software installation
[2025-07-18 11:55:36] [INFO] [cleanup_repository_files:595] [root] [] Cleaning up problematic repository files
[2025-07-18 11:55:36] [INFO] [cleanup_repository_files:614] [root] [] Updating package lists after repository cleanup
[2025-07-18 11:55:37] [INFO] [install_rustdesk_dependencies:521] [root] [] Installing RustDesk dependencies
[2025-07-18 11:55:37] [INFO] [show_progress:135] [root] [] Skipping already completed step dep_libfuse2: Installing dependency: libfuse2
[2025-07-18 11:55:37] [INFO] [install_apt_package:426] [root] [] Installing package: libfuse2
[2025-07-18 11:55:38] [INFO] [install_apt_package:430] [root] [] Package installed successfully: libfuse2
[2025-07-18 11:55:38] [INFO] [show_progress:135] [root] [] Skipping already completed step dep_libpulse0: Installing dependency: libpulse0
[2025-07-18 11:55:38] [INFO] [install_apt_package:426] [root] [] Installing package: libpulse0
[2025-07-18 11:55:39] [INFO] [install_apt_package:430] [root] [] Package installed successfully: libpulse0
[2025-07-18 11:55:39] [INFO] [show_progress:135] [root] [] Skipping already completed step dep_libxcb-randr0: Installing dependency: libxcb-randr0
[2025-07-18 11:55:39] [INFO] [install_apt_package:426] [root] [] Installing package: libxcb-randr0
[2025-07-18 11:55:40] [INFO] [install_apt_package:430] [root] [] Package installed successfully: libxcb-randr0
[2025-07-18 11:55:40] [INFO] [show_progress:135] [root] [] Skipping already completed step dep_libxdo3: Installing dependency: libxdo3
[2025-07-18 11:55:40] [INFO] [install_apt_package:426] [root] [] Installing package: libxdo3
[2025-07-18 11:55:41] [INFO] [install_apt_package:430] [root] [] Package installed successfully: libxdo3
[2025-07-18 11:55:41] [INFO] [show_progress:135] [root] [] Skipping already completed step dep_libxfixes3: Installing dependency: libxfixes3
[2025-07-18 11:55:41] [INFO] [install_apt_package:426] [root] [] Installing package: libxfixes3
[2025-07-18 11:55:42] [INFO] [install_apt_package:430] [root] [] Package installed successfully: libxfixes3
[2025-07-18 11:55:42] [INFO] [show_progress:135] [root] [] Skipping already completed step dep_libxcb-shape0: Installing dependency: libxcb-shape0
[2025-07-18 11:55:42] [INFO] [install_apt_package:426] [root] [] Installing package: libxcb-shape0
[2025-07-18 11:55:43] [INFO] [install_apt_package:430] [root] [] Package installed successfully: libxcb-shape0
[2025-07-18 11:55:43] [INFO] [show_progress:135] [root] [] Skipping already completed step dep_libxcb-xfixes0: Installing dependency: libxcb-xfixes0
[2025-07-18 11:55:43] [INFO] [install_apt_package:426] [root] [] Installing package: libxcb-xfixes0
[2025-07-18 11:55:44] [INFO] [install_apt_package:430] [root] [] Package installed successfully: libxcb-xfixes0
[2025-07-18 11:55:44] [INFO] [show_progress:135] [root] [] Skipping already completed step dep_libasound2t64: Installing dependency: libasound2t64
[2025-07-18 11:55:44] [INFO] [install_apt_package:426] [root] [] Installing package: libasound2t64
[2025-07-18 11:55:46] [INFO] [install_apt_package:430] [root] [] Package installed successfully: libasound2t64
[2025-07-18 11:55:46] [INFO] [show_progress:135] [root] [] Skipping already completed step dep_pipewire: Installing dependency: pipewire
[2025-07-18 11:55:46] [INFO] [install_apt_package:426] [root] [] Installing package: pipewire
[2025-07-18 11:55:51] [INFO] [install_apt_package:430] [root] [] Package installed successfully: pipewire
[2025-07-18 11:55:51] [INFO] [install_rustdesk_dependencies:531] [root] [] RustDesk dependencies installation completed
[2025-07-18 11:55:51] [INFO] [show_progress:135] [root] [] Skipping already completed step rustdesk: Finding latest RustDesk version
[2025-07-18 11:55:51] [INFO] [install_rustdesk:43] [root] [] Finding latest RustDesk version
[2025-07-18 11:55:51] [INFO] [install_rustdesk:49] [root] [] Installation method: flatpak
[2025-07-18 11:55:51] [INFO] [install_rustdesk:53] [root] [] Created temporary directory: /tmp/tmp.lr9JAkZD3J
[2025-07-18 11:55:51] [INFO] [install_rustdesk:63] [root] [] Fetching latest RustDesk release information from GitHub
[2025-07-18 11:55:52] [INFO] [install_rustdesk:87] [root] [] Latest RustDesk version: 1.4.0
[2025-07-18 11:55:52] [INFO] [install_rustdesk:95] [root] [] System architecture: amd64
[2025-07-18 11:55:52] [INFO] [install_rustdesk:107] [root] [] Looking for packages matching architectures: x86_64 amd64 x64
[2025-07-18 11:55:52] [INFO] [install_rustdesk:116] [root] [] Found package for architecture x86_64: https://github.com/rustdesk/rustdesk/releases/download/1.4.0/rustdesk-1.4.0-x86_64.deb
[2025-07-18 11:55:52] [INFO] [install_rustdesk:169] [root] [] Downloading RustDesk from: https://github.com/rustdesk/rustdesk/releases/download/1.4.0/rustdesk-1.4.0-x86_64.deb
[2025-07-18 11:55:56] [INFO] [install_rustdesk:171] [root] [] RustDesk downloaded successfully
[2025-07-18 11:55:56] [INFO] [install_rustdesk:183] [root] [] Using Flatpak installation method for RustDesk
[2025-07-18 11:55:56] [INFO] [install_rustdesk:203] [root] [] Attempting to install RustDesk from Flathub
[2025-07-18 11:57:38] [INFO] [install_rustdesk:206] [root] [] RustDesk installed successfully from Flathub
[2025-07-18 11:57:38] [INFO] [install_apt_gui_apps:473] [root] [] Installing APT GUI applications
[2025-07-18 11:57:38] [INFO] [install_apt_gui_apps:476] [root] [] Configuring automatic acceptance for package installations
[2025-07-18 11:57:38] [INFO] [add_edge_repository:8] [root] [] Adding Microsoft Edge repository
[2025-07-18 11:57:38] [INFO] [add_edge_repository:13] [root] [] Microsoft signing key installed
[2025-07-18 11:57:38] [INFO] [add_edge_repository:25] [root] [] Microsoft Edge repository added
[2025-07-18 11:57:38] [INFO] [show_progress:135] [root] [] Skipping already completed step update_packages: Updating package lists
[2025-07-18 11:57:38] [INFO] [update_package_lists:260] [root] [] Updating package lists
[2025-07-18 11:57:38] [INFO] [cleanup_repository_files:595] [root] [] Cleaning up problematic repository files
[2025-07-18 11:57:38] [INFO] [cleanup_repository_files:614] [root] [] Updating package lists after repository cleanup
[2025-07-18 11:57:42] [INFO] [update_package_lists:267] [root] [] Package lists updated successfully
[2025-07-18 11:57:42] [INFO] [show_progress:135] [root] [] Skipping already completed step apt_gui_gimp: Installing gimp
[2025-07-18 11:57:42] [INFO] [install_apt_package:426] [root] [] Installing package: gimp
[2025-07-18 11:57:57] [INFO] [install_apt_package:430] [root] [] Package installed successfully: gimp
[2025-07-18 11:57:57] [INFO] [show_progress:135] [root] [] Skipping already completed step apt_gui_inkscape: Installing inkscape
[2025-07-18 11:57:57] [INFO] [install_apt_package:426] [root] [] Installing package: inkscape
[2025-07-18 11:58:21] [INFO] [install_apt_package:430] [root] [] Package installed successfully: inkscape
[2025-07-18 11:58:21] [INFO] [show_progress:135] [root] [] Skipping already completed step apt_gui_krita: Installing krita
[2025-07-18 11:58:21] [INFO] [install_apt_package:426] [root] [] Installing package: krita
[2025-07-18 11:59:28] [INFO] [install_apt_package:430] [root] [] Package installed successfully: krita
[2025-07-18 11:59:28] [INFO] [show_progress:135] [root] [] Skipping already completed step apt_gui_vlc: Installing vlc
[2025-07-18 11:59:28] [INFO] [install_apt_package:426] [root] [] Installing package: vlc
[2025-07-18 11:59:40] [INFO] [install_apt_package:430] [root] [] Package installed successfully: vlc
[2025-07-18 11:59:40] [INFO] [show_progress:135] [root] [] Skipping already completed step apt_gui_gnome-tweaks: Installing gnome-tweaks
[2025-07-18 11:59:40] [INFO] [install_apt_package:426] [root] [] Installing package: gnome-tweaks
[2025-07-18 11:59:44] [INFO] [install_apt_package:430] [root] [] Package installed successfully: gnome-tweaks
[2025-07-18 11:59:44] [INFO] [show_progress:135] [root] [] Skipping already completed step apt_gui_microsoft-edge-stable: Installing microsoft-edge-stable
[2025-07-18 11:59:44] [INFO] [install_apt_package:426] [root] [] Installing package: microsoft-edge-stable
[2025-07-18 12:00:32] [INFO] [install_apt_package:430] [root] [] Package installed successfully: microsoft-edge-stable
[2025-07-18 12:00:32] [INFO] [show_progress:135] [root] [] Skipping already completed step apt_gui_firefox: Installing firefox
[2025-07-18 12:00:32] [INFO] [install_apt_package:426] [root] [] Installing package: firefox
[2025-07-18 12:00:37] [INFO] [install_apt_package:430] [root] [] Package installed successfully: firefox
[2025-07-18 12:00:37] [INFO] [show_progress:135] [root] [] Skipping already completed step apt_gui_evolution: Installing evolution
[2025-07-18 12:00:37] [INFO] [install_apt_package:426] [root] [] Installing package: evolution
[2025-07-18 12:00:46] [INFO] [install_apt_package:430] [root] [] Package installed successfully: evolution
[2025-07-18 12:00:46] [INFO] [install_apt_gui_apps:501] [root] [] APT GUI applications installation completed
[2025-07-18 12:00:46] [INFO] [install_apt_cli_tools:506] [root] [] Installing APT CLI tools
[2025-07-18 12:00:46] [INFO] [show_progress:135] [root] [] Skipping already completed step apt_cli_wget: Installing wget
[2025-07-18 12:00:46] [INFO] [install_apt_package:426] [root] [] Installing package: wget
[2025-07-18 12:00:46] [INFO] [install_apt_package:430] [root] [] Package installed successfully: wget
[2025-07-18 12:00:46] [INFO] [show_progress:135] [root] [] Skipping already completed step apt_cli_curl: Installing curl
[2025-07-18 12:00:46] [INFO] [install_apt_package:426] [root] [] Installing package: curl
[2025-07-18 12:00:47] [INFO] [install_apt_package:430] [root] [] Package installed successfully: curl
[2025-07-18 12:00:47] [INFO] [show_progress:135] [root] [] Skipping already completed step apt_cli_git: Installing git
[2025-07-18 12:00:47] [INFO] [install_apt_package:426] [root] [] Installing package: git
[2025-07-18 12:00:51] [INFO] [install_apt_package:430] [root] [] Package installed successfully: git
[2025-07-18 12:00:51] [INFO] [show_progress:135] [root] [] Skipping already completed step apt_cli_htop: Installing htop
[2025-07-18 12:00:51] [INFO] [install_apt_package:426] [root] [] Installing package: htop
[2025-07-18 12:00:52] [INFO] [install_apt_package:430] [root] [] Package installed successfully: htop
[2025-07-18 12:00:52] [INFO] [show_progress:135] [root] [] Skipping already completed step apt_cli_neofetch: Installing neofetch
[2025-07-18 12:00:52] [INFO] [install_apt_package:426] [root] [] Installing package: neofetch
[2025-07-18 12:00:57] [INFO] [install_apt_package:430] [root] [] Package installed successfully: neofetch
[2025-07-18 12:00:57] [INFO] [show_progress:135] [root] [] Skipping already completed step apt_cli_btop: Installing btop
[2025-07-18 12:00:57] [INFO] [install_apt_package:426] [root] [] Installing package: btop
[2025-07-18 12:01:00] [INFO] [install_apt_package:430] [root] [] Package installed successfully: btop
[2025-07-18 12:01:00] [INFO] [show_progress:135] [root] [] Skipping already completed step apt_cli_p7zip-full: Installing p7zip-full
[2025-07-18 12:01:00] [INFO] [install_apt_package:426] [root] [] Installing package: p7zip-full
[2025-07-18 12:01:03] [INFO] [install_apt_package:430] [root] [] Package installed successfully: p7zip-full
[2025-07-18 12:01:03] [INFO] [install_apt_cli_tools:516] [root] [] APT CLI tools installation completed
[2025-07-18 12:01:03] [INFO] [show_progress:135] [root] [] Skipping already completed step flatpak_setup: Setting up Flatpak
[2025-07-18 12:01:03] [INFO] [setup_flatpak:538] [root] [] Installing Flatpak and GNOME Software plugin
[2025-07-18 12:01:04] [INFO] [setup_flatpak:542] [root] [] Flatpak and GNOME Software plugin installed successfully
[2025-07-18 12:01:04] [INFO] [setup_flatpak:550] [root] [] Adding Flathub repository
[2025-07-18 12:01:04] [INFO] [setup_flatpak:552] [root] [] Flathub repository added successfully
[2025-07-18 12:01:04] [INFO] [install_flatpak_apps:562] [root] [] Installing Flatpak applications
[2025-07-18 12:01:04] [INFO] [show_progress:135] [root] [] Skipping already completed step flatpak_org.onlyoffice.desktopeditors: Installing Flatpak app: org.onlyoffice.desktopeditors
[2025-07-18 12:01:04] [INFO] [install_flatpak_apps:574] [root] [] Installing Flatpak application: org.onlyoffice.desktopeditors
[2025-07-18 12:02:27] [INFO] [install_flatpak_apps:576] [root] [] Flatpak application installed successfully: org.onlyoffice.desktopeditors
[2025-07-18 12:02:27] [INFO] [show_progress:135] [root] [] Skipping already completed step flatpak_chat.revolt.RevoltDesktop: Installing Flatpak app: chat.revolt.RevoltDesktop
[2025-07-18 12:02:27] [INFO] [install_flatpak_apps:574] [root] [] Installing Flatpak application: chat.revolt.RevoltDesktop
[2025-07-18 12:02:51] [INFO] [install_flatpak_apps:576] [root] [] Flatpak application installed successfully: chat.revolt.RevoltDesktop
[2025-07-18 12:02:51] [INFO] [show_progress:135] [root] [] Skipping already completed step flatpak_com.obsproject.Studio: Installing Flatpak app: com.obsproject.Studio
[2025-07-18 12:02:51] [INFO] [install_flatpak_apps:574] [root] [] Installing Flatpak application: com.obsproject.Studio
[2025-07-18 12:05:16] [INFO] [install_flatpak_apps:576] [root] [] Flatpak application installed successfully: com.obsproject.Studio
[2025-07-18 12:05:16] [INFO] [install_flatpak_apps:568] [root] [] Skipping Flatpak VLC installation as it's already installed via APT
[2025-07-18 12:05:16] [INFO] [install_flatpak_apps:589] [root] [] Flatpak applications installation completed
[2025-07-18 12:05:16] [INFO] [install_software:646] [root] [] Software installation completed
[2025-07-18 12:05:16] [INFO] [perform_cleanup:191] [root] [] Starting cleanup
[2025-07-18 12:05:16] [INFO] [show_progress:135] [root] [] Skipping already completed step cleanup_unused: Removing unused packages
[2025-07-18 12:05:16] [INFO] [remove_unused_packages:10] [root] [] Removing unused packages
[2025-07-18 12:05:17] [INFO] [remove_unused_packages:13] [root] [] Unused packages removed successfully
[2025-07-18 12:05:17] [INFO] [show_progress:135] [root] [] Skipping already completed step cleanup_apt: Cleaning APT cache
[2025-07-18 12:05:17] [INFO] [clean_apt_cache:26] [root] [] Cleaning APT cache
[2025-07-18 12:05:19] [INFO] [clean_apt_cache:29] [root] [] APT cache cleaned successfully
[2025-07-18 12:05:19] [INFO] [show_progress:135] [root] [] Skipping already completed step cleanup_temp: Removing temporary files
[2025-07-18 12:05:19] [INFO] [remove_temp_files:42] [root] [] Removing temporary files
[2025-07-18 12:05:19] [INFO] [remove_temp_files:55] [root] [] Temporary files removed successfully
[2025-07-18 12:05:19] [INFO] [show_progress:135] [root] [] Skipping already completed step system_update: Updating system packages
[2025-07-18 12:05:19] [INFO] [update_system:156] [root] [] Updating system packages
[2025-07-18 12:05:19] [INFO] [update_system:159] [root] [] Updating package lists
[2025-07-18 12:05:20] [INFO] [update_system:166] [root] [] Upgrading packages
[2025-07-18 12:08:00] [INFO] [update_system:176] [root] [] Running distribution upgrade
[2025-07-18 12:08:01] [SUCCESS] [update_system:185] [root] [] System update completed successfully
[2025-07-18 12:08:01] [INFO] [perform_cleanup:213] [root] [] Cleanup and system update completed
[2025-07-18 12:08:01] [INFO] [show_progress:135] [root] [] Skipping already completed step generate_summary: Generating detailed installation summary
[2025-07-18 12:08:01] [INFO] [generate_summary:63] [root] [] Generating detailed installation summary for QA purposes
[2025-07-18 12:08:01] [SUCCESS] [generate_summary:144] [root] [] Detailed installation summary generated: /home/lumi/Windsurf_AI/lumi-systems-setup/logs/summary_20250718_115525.log
[2025-07-18 12:08:02] [INFO] [generate_summary:145] [root] [] A copy of the summary is available at: /home/lumi/Windsurf_AI/lumi-systems-setup/logs/latest_summary.log
[2025-07-18 12:08:02] [SUCCESS] [main:471] [root] [] Lumi-Systems Setup Script completed successfully
[2025-07-18 12:08:02] [INFO] [show_progress:135] [root] [] Skipping already completed step weather_location: Setting weather location to Vienna
[2025-07-18 12:08:02] [INFO] [configure_weather_location:58] [root] [] Configuring weather location to Vienna
[2025-07-18 12:08:02] [INFO] [configure_weather_location:114] [root] [] Attempting to set weather location with multiple methods
[2025-07-18 12:08:02] [INFO] [configure_weather_location:118] [root] [] Timezone set to Europe/Vienna
[2025-07-18 12:08:02] [INFO] [configure_weather_location:125] [root] [] Reset weather locations list
[2025-07-18 12:08:02] [WARNING] [configure_weather_location:150] [root] [] Automatic weather location configuration failed. User may need to set it manually.
[2025-07-18 12:08:02] [INFO] [configure_weather_location:152] [root] [] Continuing with setup despite weather location configuration issue
